<?xml version="1.0" encoding="UTF-8"?>
<testsuite name="com.algaworks.algashop.ordering.domain.valueobject.LoyaltyPointsTest" tests="4" skipped="0" failures="0" errors="0" timestamp="2025-07-13T13:55:21.869Z" hostname="efratec" time="0.008">
  <properties/>
  <testcase name="shouldGenerateWithValue()" classname="com.algaworks.algashop.ordering.domain.valueobject.LoyaltyPointsTest" time="0.002"/>
  <testcase name="shouldNotAddValue()" classname="com.algaworks.algashop.ordering.domain.valueobject.LoyaltyPointsTest" time="0.001"/>
  <testcase name="shouldNotAddZeroValue()" classname="com.algaworks.algashop.ordering.domain.valueobject.LoyaltyPointsTest" time="0.001"/>
  <testcase name="shouldAddValue()" classname="com.algaworks.algashop.ordering.domain.valueobject.LoyaltyPointsTest" time="0.001"/>
  <system-out><![CDATA[]]></system-out>
  <system-err><![CDATA[]]></system-err>
</testsuite>
